# JRE version: OpenJDK Runtime Environment (11.0.3+7) (build 11.0.3+7-Ubuntu-1ubuntu218.04.1)
# Java VM: OpenJDK 64-Bit Server VM (11.0.3+7-Ubuntu-1ubuntu218.04.1, mixed mode, sharing, tiered, compressed oops, serial gc, linux-amd64)
Heap:
 def new generation   total 25856K, used 0K [0x00000000c0000000, 0x00000000c1c00000, 0x00000000d5550000)
  eden space 23040K,   0% used [0x00000000c0000000, 0x00000000c0000000, 0x00000000c1680000)
  from space 2816K,   0% used [0x00000000c1680000, 0x00000000c1680000, 0x00000000c1940000)
  to   space 2816K,   0% used [0x00000000c1940000, 0x00000000c1940000, 0x00000000c1c00000)
 tenured generation   total 61384K, used 50975K [0x00000000d5550000, 0x00000000d9142000, 0x0000000100000000)
   the space 61384K,  83% used [0x00000000d5550000, 0x00000000d8717c20, 0x00000000d8717e00, 0x00000000d9142000)
 Metaspace       used 83182K, capacity 84736K, committed 84912K, reserved 1122304K
  class space    used 11315K, capacity 11751K, committed 11776K, reserved 1048576K
GC Heap History (10 events):
Event: 237.957 GC heap after
{Heap after GC invocations=77 (full 5):
 def new generation   total 25856K, used 2196K [0x00000000c0000000, 0x00000000c1c00000, 0x00000000d5550000)
  eden space 23040K,   0% used [0x00000000c0000000, 0x00000000c0000000, 0x00000000c1680000)
  from space 2816K,  77% used [0x00000000c1940000, 0x00000000c1b651d0, 0x00000000c1c00000)
  to   space 2816K,   0% used [0x00000000c1680000, 0x00000000c1680000, 0x00000000c1940000)
 tenured generation   total 57228K, used 47899K [0x00000000d5550000, 0x00000000d8d33000, 0x0000000100000000)
   the space 57228K,  83% used [0x00000000d5550000, 0x00000000d8416c68, 0x00000000d8416e00, 0x00000000d8d33000)
 Metaspace       used 82037K, capacity 83478K, committed 83760K, reserved 1122304K
  class space    used 11175K, capacity 11606K, committed 11648K, reserved 1048576K
}
Event: 238.230 GC heap before
{Heap before GC invocations=77 (full 5):
 def new generation   total 25856K, used 25236K [0x00000000c0000000, 0x00000000c1c00000, 0x00000000d5550000)
  eden space 23040K, 100% used [0x00000000c0000000, 0x00000000c1680000, 0x00000000c1680000)
  from space 2816K,  77% used [0x00000000c1940000, 0x00000000c1b651d0, 0x00000000c1c00000)
  to   space 2816K,   0% used [0x00000000c1680000, 0x00000000c1680000, 0x00000000c1940000)
 tenured generation   total 57228K, used 47899K [0x00000000d5550000, 0x00000000d8d33000, 0x0000000100000000)
   the space 57228K,  83% used [0x00000000d5550000, 0x00000000d8416c68, 0x00000000d8416e00, 0x00000000d8d33000)
 Metaspace       used 82361K, capacity 83852K, committed 84272K, reserved 1122304K
  class space    used 11227K, capacity 11640K, committed 11648K, reserved 1048576K
}
Event: 238.244 GC heap after
{Heap after GC invocations=78 (full 5):
 def new generation   total 25856K, used 2816K [0x00000000c0000000, 0x00000000c1c00000, 0x00000000d5550000)
  eden space 23040K,   0% used [0x00000000c0000000, 0x00000000c0000000, 0x00000000c1680000)
  from space 2816K, 100% used [0x00000000c1680000, 0x00000000c1940000, 0x00000000c1940000)
  to   space 2816K,   0% used [0x00000000c1940000, 0x00000000c1940000, 0x00000000c1c00000)
 tenured generation   total 57228K, used 50317K [0x00000000d5550000, 0x00000000d8d33000, 0x0000000100000000)
   the space 57228K,  87% used [0x00000000d5550000, 0x00000000d86736b0, 0x00000000d8673800, 0x00000000d8d33000)
 Metaspace       used 82361K, capacity 83852K, committed 84272K, reserved 1122304K
  class space    used 11227K, capacity 11640K, committed 11648K, reserved 1048576K
}
Event: 250.816 GC heap before
{Heap before GC invocations=78 (full 5):
 def new generation   total 25856K, used 25856K [0x00000000c0000000, 0x00000000c1c00000, 0x00000000d5550000)
  eden space 23040K, 100% used [0x00000000c0000000, 0x00000000c1680000, 0x00000000c1680000)
  from space 2816K, 100% used [0x00000000c1680000, 0x00000000c1940000, 0x00000000c1940000)
  to   space 2816K,   0% used [0x00000000c1940000, 0x00000000c1940000, 0x00000000c1c00000)
 tenured generation   total 57228K, used 50317K [0x00000000d5550000, 0x00000000d8d33000, 0x0000000100000000)
   the space 57228K,  87% used [0x00000000d5550000, 0x00000000d86736b0, 0x00000000d8673800, 0x00000000d8d33000)
 Metaspace       used 82555K, capacity 84152K, committed 84656K, reserved 1122304K
  class space    used 11241K, capacity 11675K, committed 11776K, reserved 1048576K
}
Event: 250.829 GC heap after
{Heap after GC invocations=79 (full 5):
 def new generation   total 25856K, used 633K [0x00000000c0000000, 0x00000000c1c00000, 0x00000000d5550000)
  eden space 23040K,   0% used [0x00000000c0000000, 0x00000000c0000000, 0x00000000c1680000)
  from space 2816K,  22% used [0x00000000c1940000, 0x00000000c19de728, 0x00000000c1c00000)
  to   space 2816K,   0% used [0x00000000c1680000, 0x00000000c1680000, 0x00000000c1940000)
 tenured generation   total 57228K, used 55585K [0x00000000d5550000, 0x00000000d8d33000, 0x0000000100000000)
   the space 57228K,  97% used [0x00000000d5550000, 0x00000000d8b98498, 0x00000000d8b98600, 0x00000000d8d33000)
 Metaspace       used 82555K, capacity 84152K, committed 84656K, reserved 1122304K
  class space    used 11241K, capacity 11675K, committed 11776K, reserved 1048576K
}
Event: 270.649 GC heap before
{Heap before GC invocations=79 (full 5):
 def new generation   total 25856K, used 23673K [0x00000000c0000000, 0x00000000c1c00000, 0x00000000d5550000)
  eden space 23040K, 100% used [0x00000000c0000000, 0x00000000c1680000, 0x00000000c1680000)
  from space 2816K,  22% used [0x00000000c1940000, 0x00000000c19de728, 0x00000000c1c00000)
  to   space 2816K,   0% used [0x00000000c1680000, 0x00000000c1680000, 0x00000000c1940000)
 tenured generation   total 57228K, used 55585K [0x00000000d5550000, 0x00000000d8d33000, 0x0000000100000000)
   the space 57228K,  97% used [0x00000000d5550000, 0x00000000d8b98498, 0x00000000d8b98600, 0x00000000d8d33000)
 Metaspace       used 83079K, capacity 84630K, committed 84912K, reserved 1122304K
  class space    used 11309K, capacity 11743K, committed 11776K, reserved 1048576K
}
Event: 270.660 GC heap after
{Heap after GC invocations=80 (full 5):
 def new generation   total 25856K, used 1361K [0x00000000c0000000, 0x00000000c1c00000, 0x00000000d5550000)
  eden space 23040K,   0% used [0x00000000c0000000, 0x00000000c0000000, 0x00000000c1680000)
  from space 2816K,  48% used [0x00000000c1680000, 0x00000000c17d4788, 0x00000000c1940000)
  to   space 2816K,   0% used [0x00000000c1940000, 0x00000000c1940000, 0x00000000c1c00000)
 tenured generation   total 57228K, used 55585K [0x00000000d5550000, 0x00000000d8d33000, 0x0000000100000000)
   the space 57228K,  97% used [0x00000000d5550000, 0x00000000d8b98498, 0x00000000d8b98600, 0x00000000d8d33000)
 Metaspace       used 83079K, capacity 84630K, committed 84912K, reserved 1122304K
  class space    used 11309K, capacity 11743K, committed 11776K, reserved 1048576K
}
Event: 270.869 GC heap before
{Heap before GC invocations=80 (full 5):
 def new generation   total 25856K, used 24401K [0x00000000c0000000, 0x00000000c1c00000, 0x00000000d5550000)
  eden space 23040K, 100% used [0x00000000c0000000, 0x00000000c1680000, 0x00000000c1680000)
  from space 2816K,  48% used [0x00000000c1680000, 0x00000000c17d4788, 0x00000000c1940000)
  to   space 2816K,   0% used [0x00000000c1940000, 0x00000000c1940000, 0x00000000c1c00000)
 tenured generation   total 57228K, used 55585K [0x00000000d5550000, 0x00000000d8d33000, 0x0000000100000000)
   the space 57228K,  97% used [0x00000000d5550000, 0x00000000d8b98498, 0x00000000d8b98600, 0x00000000d8d33000)
 Metaspace       used 83165K, capacity 84736K, committed 84912K, reserved 1122304K
  class space    used 11315K, capacity 11751K, committed 11776K, reserved 1048576K
}
Event: 270.872 GC heap after
{Heap after GC invocations=81 (full 5):
 def new generation   total 25856K, used 1512K [0x00000000c0000000, 0x00000000c1c00000, 0x00000000d5550000)
  eden space 23040K,   0% used [0x00000000c0000000, 0x00000000c0000000, 0x00000000c1680000)
  from space 2816K,  53% used [0x00000000c1940000, 0x00000000c1aba0d8, 0x00000000c1c00000)
  to   space 2816K,   0% used [0x00000000c1680000, 0x00000000c1680000, 0x00000000c1940000)
 tenured generation   total 57228K, used 55585K [0x00000000d5550000, 0x00000000d8d33000, 0x0000000100000000)
   the space 57228K,  97% used [0x00000000d5550000, 0x00000000d8b98498, 0x00000000d8b98600, 0x00000000d8d33000)
 Metaspace       used 83165K, capacity 84736K, committed 84912K, reserved 1122304K
  class space    used 11315K, capacity 11751K, committed 11776K, reserved 1048576K
}
Event: 270.987 GC heap before
{Heap before GC invocations=81 (full 5):
 def new generation   total 25856K, used 24552K [0x00000000c0000000, 0x00000000c1c00000, 0x00000000d5550000)
  eden space 23040K, 100% used [0x00000000c0000000, 0x00000000c1680000, 0x00000000c1680000)
  from space 2816K,  53% used [0x00000000c1940000, 0x00000000c1aba0d8, 0x00000000c1c00000)
  to   space 2816K,   0% used [0x00000000c1680000, 0x00000000c1680000, 0x00000000c1940000)
 tenured generation   total 57228K, used 55585K [0x00000000d5550000, 0x00000000d8d33000, 0x0000000100000000)
   the space 57228K,  97% used [0x00000000d5550000, 0x00000000d8b98498, 0x00000000d8b98600, 0x00000000d8d33000)
 Metaspace       used 83182K, capacity 84736K, committed 84912K, reserved 1122304K
  class space    used 11315K, capacity 11751K, committed 11776K, reserved 1048576K
}

